TOOL:	ncvlog	05.83-s015: Started on Jan 25, 2010 at 14:01:27 CST
ncvlog
    -nocopyright
    -quiet
    verilog/sparc_exu_MAPPED.v
    verilog/tester.v
    std_cell_models/HDADFULD1.v
    std_cell_models/HDADFULD2.v
    std_cell_models/HDADFULD4.v
    std_cell_models/HDADFULDL.v
    std_cell_models/HDADHALFD1.v
    std_cell_models/HDADHALFD2.v
    std_cell_models/HDADHALFD4.v
    std_cell_models/HDADHALFDL.v
    std_cell_models/HDAND2D1.v
    std_cell_models/HDAND2D2.v
    std_cell_models/HDAND2D4.v
    std_cell_models/HDAND2DL.v
    std_cell_models/HDAND3D1.v
    std_cell_models/HDAND3D2.v
    std_cell_models/HDAND3D4.v
    std_cell_models/HDAND3DL.v
    std_cell_models/HDAND4D1.v
    std_cell_models/HDAND4D2.v
    std_cell_models/HDAND4D4.v
    std_cell_models/HDAND4DL.v
    std_cell_models/HDANT2.v
    std_cell_models/HDANT.v
    std_cell_models/HDAO211D1.v
    std_cell_models/HDAO211D2.v
    std_cell_models/HDAO211D4.v
    std_cell_models/HDAO211DL.v
    std_cell_models/HDAO21D1.v
    std_cell_models/HDAO21D2.v
    std_cell_models/HDAO21D4.v
    std_cell_models/HDAO21DL.v
    std_cell_models/HDAO21M10D1.v
    std_cell_models/HDAO21M10D2.v
    std_cell_models/HDAO21M10D4.v
    std_cell_models/HDAO21M10DL.v
    std_cell_models/HDAO21M20D1.v
    std_cell_models/HDAO21M20D2.v
    std_cell_models/HDAO21M20D4.v
    std_cell_models/HDAO21M20DL.v
    std_cell_models/HDAO222D1.v
    std_cell_models/HDAO222D2.v
    std_cell_models/HDAO222D4.v
    std_cell_models/HDAO222DL.v
    std_cell_models/HDAO22D1.v
    std_cell_models/HDAO22D2.v
    std_cell_models/HDAO22D4.v
    std_cell_models/HDAO22DL.v
    std_cell_models/HDAO22M10D1.v
    std_cell_models/HDAO22M10D2.v
    std_cell_models/HDAO22M10D4.v
    std_cell_models/HDAO22M10DL.v
    std_cell_models/HDAO22M20D1.v
    std_cell_models/HDAO22M20D2.v
    std_cell_models/HDAO22M20D4.v
    std_cell_models/HDAO22M20DL.v
    std_cell_models/HDAO31D1.v
    std_cell_models/HDAO31D2.v
    std_cell_models/HDAO31D4.v
    std_cell_models/HDAO31DL.v
    std_cell_models/HDAO31M10D1.v
    std_cell_models/HDAO31M10D2.v
    std_cell_models/HDAO31M10D4.v
    std_cell_models/HDAO31M10DL.v
    std_cell_models/HDAO32D1.v
    std_cell_models/HDAO32D2.v
    std_cell_models/HDAO32D4.v
    std_cell_models/HDAO32DL.v
    std_cell_models/HDAO33D1.v
    std_cell_models/HDAO33D2.v
    std_cell_models/HDAO33D4.v
    std_cell_models/HDAO33DL.v
    std_cell_models/HDAOI211D1.v
    std_cell_models/HDAOI211D2.v
    std_cell_models/HDAOI211D4.v
    std_cell_models/HDAOI211DL.v
    std_cell_models/HDAOI21D1.v
    std_cell_models/HDAOI21D2.v
    std_cell_models/HDAOI21D4.v
    std_cell_models/HDAOI21DL.v
    std_cell_models/HDAOI21M10D1.v
    std_cell_models/HDAOI21M10D2.v
    std_cell_models/HDAOI21M10D4.v
    std_cell_models/HDAOI21M10DL.v
    std_cell_models/HDAOI21M20D1.v
    std_cell_models/HDAOI21M20D2.v
    std_cell_models/HDAOI21M20D4.v
    std_cell_models/HDAOI21M20DL.v
    std_cell_models/HDAOI222D1.v
    std_cell_models/HDAOI222D2.v
    std_cell_models/HDAOI222D4.v
    std_cell_models/HDAOI222DL.v
    std_cell_models/HDAOI22D1.v
    std_cell_models/HDAOI22D2.v
    std_cell_models/HDAOI22D4.v
    std_cell_models/HDAOI22DL.v
    std_cell_models/HDAOI22M10D1.v
    std_cell_models/HDAOI22M10D2.v
    std_cell_models/HDAOI22M10D4.v
    std_cell_models/HDAOI22M10DL.v
    std_cell_models/HDAOI22M20D1.v
    std_cell_models/HDAOI22M20D2.v
    std_cell_models/HDAOI22M20D4.v
    std_cell_models/HDAOI22M20DL.v
    std_cell_models/HDAOI31D1.v
    std_cell_models/HDAOI31D2.v
    std_cell_models/HDAOI31D4.v
    std_cell_models/HDAOI31DL.v
    std_cell_models/HDAOI31M10D1.v
    std_cell_models/HDAOI31M10D2.v
    std_cell_models/HDAOI31M10D4.v
    std_cell_models/HDAOI31M10DL.v
    std_cell_models/HDAOI32D1.v
    std_cell_models/HDAOI32D2.v
    std_cell_models/HDAOI32D4.v
    std_cell_models/HDAOI32DL.v
    std_cell_models/HDAOI33D1.v
    std_cell_models/HDAOI33D2.v
    std_cell_models/HDAOI33D4.v
    std_cell_models/HDAOI33DL.v
    std_cell_models/HDBUFBD12.v
    std_cell_models/HDBUFBD16.v
    std_cell_models/HDBUFBD20.v
    std_cell_models/HDBUFBD2.v
    std_cell_models/HDBUFBD32.v
    std_cell_models/HDBUFBD4.v
    std_cell_models/HDBUFBD8.v
    std_cell_models/HDBUFD12.v
    std_cell_models/HDBUFD16.v
    std_cell_models/HDBUFD1.v
    std_cell_models/HDBUFD20.v
    std_cell_models/HDBUFD2.v
    std_cell_models/HDBUFD32.v
    std_cell_models/HDBUFD4.v
    std_cell_models/HDBUFD8.v
    std_cell_models/HDBUFDL.v
    std_cell_models/HDBUFTBD12.v
    std_cell_models/HDBUFTBD16.v
    std_cell_models/HDBUFTBD20.v
    std_cell_models/HDBUFTBD32.v
    std_cell_models/HDBUFTBD4.v
    std_cell_models/HDBUFTBD8.v
    std_cell_models/HDBUFTD12.v
    std_cell_models/HDBUFTD16.v
    std_cell_models/HDBUFTD1.v
    std_cell_models/HDBUFTD20.v
    std_cell_models/HDBUFTD2.v
    std_cell_models/HDBUFTD4.v
    std_cell_models/HDBUFTD8.v
    std_cell_models/HDBUFTDL.v
    std_cell_models/HDCLKBD12.v
    std_cell_models/HDCLKBD16.v
    std_cell_models/HDCLKBD20.v
    std_cell_models/HDCLKBD2.v
    std_cell_models/HDCLKBD32.v
    std_cell_models/HDCLKBD4.v
    std_cell_models/HDCLKBD8.v
    std_cell_models/HDCLOAD.v
    std_cell_models/HDDFEPQ1.v
    std_cell_models/HDDFEPQ2.v
    std_cell_models/HDDFEPQ4.v
    std_cell_models/HDDFEPQL.v
    std_cell_models/HDDFERPB1.v
    std_cell_models/HDDFERPB2.v
    std_cell_models/HDDFERPB4.v
    std_cell_models/HDDFERPBL.v
    std_cell_models/HDDFERPQ1.v
    std_cell_models/HDDFERPQ2.v
    std_cell_models/HDDFERPQ4.v
    std_cell_models/HDDFERPQL.v
    std_cell_models/HDDFERSNB1.v
    std_cell_models/HDDFERSNB2.v
    std_cell_models/HDDFERSNB4.v
    std_cell_models/HDDFERSNBL.v
    std_cell_models/HDDFERSPB1.v
    std_cell_models/HDDFERSPB2.v
    std_cell_models/HDDFERSPB4.v
    std_cell_models/HDDFERSPBL.v
    std_cell_models/HDDFERSPQ1.v
    std_cell_models/HDDFERSPQ2.v
    std_cell_models/HDDFERSPQ4.v
    std_cell_models/HDDFERSPQL.v
    std_cell_models/HDDFESPQ1.v
    std_cell_models/HDDFESPQ2.v
    std_cell_models/HDDFESPQ4.v
    std_cell_models/HDDFESPQL.v
    std_cell_models/HDDFFPB1.v
    std_cell_models/HDDFFPB2.v
    std_cell_models/HDDFFPB4.v
    std_cell_models/HDDFFPBL.v
    std_cell_models/HDDFFPQ1.v
    std_cell_models/HDDFFPQ2.v
    std_cell_models/HDDFFPQ4.v
    std_cell_models/HDDFFPQL.v
    std_cell_models/HDDFFRNQ1.v
    std_cell_models/HDDFFRNQ2.v
    std_cell_models/HDDFFRNQ4.v
    std_cell_models/HDDFFRNQL.v
    std_cell_models/HDDFFRPB1.v
    std_cell_models/HDDFFRPB2.v
    std_cell_models/HDDFFRPB4.v
    std_cell_models/HDDFFRPBL.v
    std_cell_models/HDDFFRPQ1.v
    std_cell_models/HDDFFRPQ2.v
    std_cell_models/HDDFFRPQ4.v
    std_cell_models/HDDFFRPQL.v
    std_cell_models/HDDFFRSNB1.v
    std_cell_models/HDDFFRSNB2.v
    std_cell_models/HDDFFRSNB4.v
    std_cell_models/HDDFFRSNBL.v
    std_cell_models/HDDFFRSPB1.v
    std_cell_models/HDDFFRSPB2.v
    std_cell_models/HDDFFRSPB4.v
    std_cell_models/HDDFFRSPBL.v
    std_cell_models/HDDFFRSPQ1.v
    std_cell_models/HDDFFRSPQ2.v
    std_cell_models/HDDFFRSPQ4.v
    std_cell_models/HDDFFRSPQL.v
    std_cell_models/HDDFFSPQ1.v
    std_cell_models/HDDFFSPQ2.v
    std_cell_models/HDDFFSPQ4.v
    std_cell_models/HDDFFSPQL.v
    std_cell_models/HDDLY1D16.v
    std_cell_models/HDDLY2D16.v
    std_cell_models/HDDLY3D16.v
    std_cell_models/HDDLY4D16.v
    std_cell_models/HDEXNOR2D1.v
    std_cell_models/HDEXNOR2D2.v
    std_cell_models/HDEXNOR2D4.v
    std_cell_models/HDEXNOR2DL.v
    std_cell_models/HDEXNOR3D1.v
    std_cell_models/HDEXNOR3D2.v
    std_cell_models/HDEXNOR3D4.v
    std_cell_models/HDEXNOR3DL.v
    std_cell_models/HDEXOR2D1.v
    std_cell_models/HDEXOR2D2.v
    std_cell_models/HDEXOR2D4.v
    std_cell_models/HDEXOR2DL.v
    std_cell_models/HDEXOR3D1.v
    std_cell_models/HDEXOR3D2.v
    std_cell_models/HDEXOR3D4.v
    std_cell_models/HDEXOR3DL.v
    std_cell_models/HDINVBD12.v
    std_cell_models/HDINVBD16.v
    std_cell_models/HDINVBD20.v
    std_cell_models/HDINVBD2.v
    std_cell_models/HDINVBD32.v
    std_cell_models/HDINVBD4.v
    std_cell_models/HDINVBD8.v
    std_cell_models/HDINVD12.v
    std_cell_models/HDINVD16.v
    std_cell_models/HDINVD1.v
    std_cell_models/HDINVD20.v
    std_cell_models/HDINVD2.v
    std_cell_models/HDINVD32.v
    std_cell_models/HDINVD4.v
    std_cell_models/HDINVD8.v
    std_cell_models/HDINVDL.v
    std_cell_models/HDINVTD12.v
    std_cell_models/HDINVTD16.v
    std_cell_models/HDINVTD1.v
    std_cell_models/HDINVTD20.v
    std_cell_models/HDINVTD2.v
    std_cell_models/HDINVTD4.v
    std_cell_models/HDINVTD8.v
    std_cell_models/HDINVTDL.v
    std_cell_models/HDKEEPER.v
    std_cell_models/HDLATNB1.v
    std_cell_models/HDLATNB2.v
    std_cell_models/HDLATNB4.v
    std_cell_models/HDLATNBL.v
    std_cell_models/HDLATNT1.v
    std_cell_models/HDLATNT2.v
    std_cell_models/HDLATNT4.v
    std_cell_models/HDLATNTL.v
    std_cell_models/HDLATPB1.v
    std_cell_models/HDLATPB2.v
    std_cell_models/HDLATPB4.v
    std_cell_models/HDLATPBL.v
    std_cell_models/HDLATPQ1.v
    std_cell_models/HDLATPQ2.v
    std_cell_models/HDLATPQ4.v
    std_cell_models/HDLATPQL.v
    std_cell_models/HDLATRNB1.v
    std_cell_models/HDLATRNB2.v
    std_cell_models/HDLATRNB4.v
    std_cell_models/HDLATRNBL.v
    std_cell_models/HDLATRPB1.v
    std_cell_models/HDLATRPB2.v
    std_cell_models/HDLATRPB4.v
    std_cell_models/HDLATRPBL.v
    std_cell_models/HDLATRSPB1.v
    std_cell_models/HDLATRSPB2.v
    std_cell_models/HDLATRSPB4.v
    std_cell_models/HDLATRSPBL.v
    std_cell_models/HDMUX2D1.v
    std_cell_models/HDMUX2D2.v
    std_cell_models/HDMUX2D4.v
    std_cell_models/HDMUX2DL.v
    std_cell_models/HDMUX3D1.v
    std_cell_models/HDMUX3D2.v
    std_cell_models/HDMUX3D4.v
    std_cell_models/HDMUX3DL.v
    std_cell_models/HDMUX4D1.v
    std_cell_models/HDMUX4D2.v
    std_cell_models/HDMUX4D4.v
    std_cell_models/HDMUX4DL.v
    std_cell_models/HDMUXB2D1.v
    std_cell_models/HDMUXB2D2.v
    std_cell_models/HDMUXB2D4.v
    std_cell_models/HDMUXB2DL.v
    std_cell_models/HDMUXB4D1.v
    std_cell_models/HDMUXB4D2.v
    std_cell_models/HDMUXB4D4.v
    std_cell_models/HDMUXB4DL.v
    std_cell_models/HDNAN2D1.v
    std_cell_models/HDNAN2D2.v
    std_cell_models/HDNAN2D4.v
    std_cell_models/HDNAN2D6.v
    std_cell_models/HDNAN2D8.v
    std_cell_models/HDNAN2DL.v
    std_cell_models/HDNAN2M1D1.v
    std_cell_models/HDNAN2M1D2.v
    std_cell_models/HDNAN2M1D4.v
    std_cell_models/HDNAN2M1DL.v
    std_cell_models/HDNAN3D1.v
    std_cell_models/HDNAN3D2.v
    std_cell_models/HDNAN3D4.v
    std_cell_models/HDNAN3DL.v
    std_cell_models/HDNAN3M1D1.v
    std_cell_models/HDNAN3M1D2.v
    std_cell_models/HDNAN3M1D4.v
    std_cell_models/HDNAN3M1DL.v
    std_cell_models/HDNAN4D1.v
    std_cell_models/HDNAN4D2.v
    std_cell_models/HDNAN4D4.v
    std_cell_models/HDNAN4DL.v
    std_cell_models/HDNAN4M1D1.v
    std_cell_models/HDNAN4M1D2.v
    std_cell_models/HDNAN4M1D4.v
    std_cell_models/HDNAN4M1DL.v
    std_cell_models/HDNAN4M2D1.v
    std_cell_models/HDNAN4M2D2.v
    std_cell_models/HDNAN4M2D4.v
    std_cell_models/HDNAN4M2DL.v
    std_cell_models/HDNOR2D1.v
    std_cell_models/HDNOR2D2.v
    std_cell_models/HDNOR2D4.v
    std_cell_models/HDNOR2D6.v
    std_cell_models/HDNOR2D8.v
    std_cell_models/HDNOR2DL.v
    std_cell_models/HDNOR2M1D1.v
    std_cell_models/HDNOR2M1D2.v
    std_cell_models/HDNOR2M1D4.v
    std_cell_models/HDNOR2M1DL.v
    std_cell_models/HDNOR3D1.v
    std_cell_models/HDNOR3D2.v
    std_cell_models/HDNOR3D4.v
    std_cell_models/HDNOR3DL.v
    std_cell_models/HDNOR3M1D1.v
    std_cell_models/HDNOR3M1D2.v
    std_cell_models/HDNOR3M1D4.v
    std_cell_models/HDNOR3M1DL.v
    std_cell_models/HDNOR4D1.v
    std_cell_models/HDNOR4D2.v
    std_cell_models/HDNOR4D4.v
    std_cell_models/HDNOR4DL.v
    std_cell_models/HDNOR4M1D1.v
    std_cell_models/HDNOR4M1D2.v
    std_cell_models/HDNOR4M1D4.v
    std_cell_models/HDNOR4M1DL.v
    std_cell_models/HDNOR4M2D1.v
    std_cell_models/HDNOR4M2D2.v
    std_cell_models/HDNOR4M2D4.v
    std_cell_models/HDNOR4M2DL.v
    std_cell_models/HDOA211D1.v
    std_cell_models/HDOA211D2.v
    std_cell_models/HDOA211D4.v
    std_cell_models/HDOA211DL.v
    std_cell_models/HDOA21D1.v
    std_cell_models/HDOA21D2.v
    std_cell_models/HDOA21D4.v
    std_cell_models/HDOA21DL.v
    std_cell_models/HDOA21M10D1.v
    std_cell_models/HDOA21M10D2.v
    std_cell_models/HDOA21M10D4.v
    std_cell_models/HDOA21M10DL.v
    std_cell_models/HDOA21M20D1.v
    std_cell_models/HDOA21M20D2.v
    std_cell_models/HDOA21M20D4.v
    std_cell_models/HDOA21M20DL.v
    std_cell_models/HDOA222D1.v
    std_cell_models/HDOA222D2.v
    std_cell_models/HDOA222D4.v
    std_cell_models/HDOA222DL.v
    std_cell_models/HDOA22D1.v
    std_cell_models/HDOA22D2.v
    std_cell_models/HDOA22D4.v
    std_cell_models/HDOA22DL.v
    std_cell_models/HDOA22M10D1.v
    std_cell_models/HDOA22M10D2.v
    std_cell_models/HDOA22M10D4.v
    std_cell_models/HDOA22M10DL.v
    std_cell_models/HDOA22M20D1.v
    std_cell_models/HDOA22M20D2.v
    std_cell_models/HDOA22M20D4.v
    std_cell_models/HDOA22M20DL.v
    std_cell_models/HDOA31D1.v
    std_cell_models/HDOA31D2.v
    std_cell_models/HDOA31D4.v
    std_cell_models/HDOA31DL.v
    std_cell_models/HDOA31M10D1.v
    std_cell_models/HDOA31M10D2.v
    std_cell_models/HDOA31M10D4.v
    std_cell_models/HDOA31M10DL.v
    std_cell_models/HDOA32D1.v
    std_cell_models/HDOA32D2.v
    std_cell_models/HDOA32D4.v
    std_cell_models/HDOA32DL.v
    std_cell_models/HDOA33D1.v
    std_cell_models/HDOA33D2.v
    std_cell_models/HDOA33D4.v
    std_cell_models/HDOA33DL.v
    std_cell_models/HDOAI211D1.v
    std_cell_models/HDOAI211D2.v
    std_cell_models/HDOAI211D4.v
    std_cell_models/HDOAI211DL.v
    std_cell_models/HDOAI21D1.v
    std_cell_models/HDOAI21D2.v
    std_cell_models/HDOAI21D4.v
    std_cell_models/HDOAI21DL.v
    std_cell_models/HDOAI21M10D1.v
    std_cell_models/HDOAI21M10D2.v
    std_cell_models/HDOAI21M10D4.v
    std_cell_models/HDOAI21M10DL.v
    std_cell_models/HDOAI21M20D1.v
    std_cell_models/HDOAI21M20D2.v
    std_cell_models/HDOAI21M20D4.v
    std_cell_models/HDOAI21M20DL.v
    std_cell_models/HDOAI222D1.v
    std_cell_models/HDOAI222D2.v
    std_cell_models/HDOAI222D4.v
    std_cell_models/HDOAI222DL.v
    std_cell_models/HDOAI22D1.v
    std_cell_models/HDOAI22D2.v
    std_cell_models/HDOAI22D4.v
    std_cell_models/HDOAI22DL.v
    std_cell_models/HDOAI22M10D1.v
    std_cell_models/HDOAI22M10D2.v
    std_cell_models/HDOAI22M10D4.v
    std_cell_models/HDOAI22M10DL.v
    std_cell_models/HDOAI22M20D1.v
    std_cell_models/HDOAI22M20D2.v
    std_cell_models/HDOAI22M20D4.v
    std_cell_models/HDOAI22M20DL.v
    std_cell_models/HDOAI31D1.v
    std_cell_models/HDOAI31D2.v
    std_cell_models/HDOAI31D4.v
    std_cell_models/HDOAI31DL.v
    std_cell_models/HDOAI31M10D1.v
    std_cell_models/HDOAI31M10D2.v
    std_cell_models/HDOAI31M10D4.v
    std_cell_models/HDOAI31M10DL.v
    std_cell_models/HDOAI32D1.v
    std_cell_models/HDOAI32D2.v
    std_cell_models/HDOAI32D4.v
    std_cell_models/HDOAI32DL.v
    std_cell_models/HDOAI33D1.v
    std_cell_models/HDOAI33D2.v
    std_cell_models/HDOAI33D4.v
    std_cell_models/HDOAI33DL.v
    std_cell_models/HDOR2D1.v
    std_cell_models/HDOR2D2.v
    std_cell_models/HDOR2D4.v
    std_cell_models/HDOR2DL.v
    std_cell_models/HDOR3D1.v
    std_cell_models/HDOR3D2.v
    std_cell_models/HDOR3D4.v
    std_cell_models/HDOR3DL.v
    std_cell_models/HDOR4D1.v
    std_cell_models/HDOR4D2.v
    std_cell_models/HDOR4D4.v
    std_cell_models/HDOR4DL.v
    std_cell_models/HDSDEPQ1.v
    std_cell_models/HDSDEPQ2.v
    std_cell_models/HDSDEPQ4.v
    std_cell_models/HDSDEPQL.v
    std_cell_models/HDSDERPB1.v
    std_cell_models/HDSDERPB2.v
    std_cell_models/HDSDERPB4.v
    std_cell_models/HDSDERPBL.v
    std_cell_models/HDSDERPQ1.v
    std_cell_models/HDSDERPQ2.v
    std_cell_models/HDSDERPQ4.v
    std_cell_models/HDSDERPQL.v
    std_cell_models/HDSDERSNB1.v
    std_cell_models/HDSDERSNB2.v
    std_cell_models/HDSDERSNB4.v
    std_cell_models/HDSDERSNBL.v
    std_cell_models/HDSDERSPB1.v
    std_cell_models/HDSDERSPB2.v
    std_cell_models/HDSDERSPB4.v
    std_cell_models/HDSDERSPBL.v
    std_cell_models/HDSDERSPQ1.v
    std_cell_models/HDSDERSPQ2.v
    std_cell_models/HDSDERSPQ4.v
    std_cell_models/HDSDERSPQL.v
    std_cell_models/HDSDESPQ1.v
    std_cell_models/HDSDESPQ2.v
    std_cell_models/HDSDESPQ4.v
    std_cell_models/HDSDESPQL.v
    std_cell_models/HDSDFPB1.v
    std_cell_models/HDSDFPB2.v
    std_cell_models/HDSDFPB4.v
    std_cell_models/HDSDFPBL.v
    std_cell_models/HDSDFPQ1.v
    std_cell_models/HDSDFPQ2.v
    std_cell_models/HDSDFPQ4.v
    std_cell_models/HDSDFPQL.v
    std_cell_models/HDSDFRNQ1.v
    std_cell_models/HDSDFRNQ2.v
    std_cell_models/HDSDFRNQ4.v
    std_cell_models/HDSDFRNQL.v
    std_cell_models/HDSDFRPB1.v
    std_cell_models/HDSDFRPB2.v
    std_cell_models/HDSDFRPB4.v
    std_cell_models/HDSDFRPBL.v
    std_cell_models/HDSDFRPQ1.v
    std_cell_models/HDSDFRPQ2.v
    std_cell_models/HDSDFRPQ4.v
    std_cell_models/HDSDFRPQL.v
    std_cell_models/HDSDFRSNB1.v
    std_cell_models/HDSDFRSNB2.v
    std_cell_models/HDSDFRSNB4.v
    std_cell_models/HDSDFRSNBL.v
    std_cell_models/HDSDFRSPB1.v
    std_cell_models/HDSDFRSPB2.v
    std_cell_models/HDSDFRSPB4.v
    std_cell_models/HDSDFRSPBL.v
    std_cell_models/HDSDFRSPQ1.v
    std_cell_models/HDSDFRSPQ2.v
    std_cell_models/HDSDFRSPQ4.v
    std_cell_models/HDSDFRSPQL.v
    std_cell_models/HDSDFSPQ1.v
    std_cell_models/HDSDFSPQ2.v
    std_cell_models/HDSDFSPQ4.v
    std_cell_models/HDSDFSPQL.v
    std_cell_models/HDTIEHIE.v
    std_cell_models/HDTIEHI.v
    std_cell_models/HDTIELOE.v
    std_cell_models/HDTIELO.v
    std_cell_models/UDPS.v

TOOL:	ncvlog	05.83-s015: Exiting on Jan 25, 2010 at 14:01:29 CST  (total: 00:00:02)
